# JRE version: Java(TM) SE Runtime Environment (7.0_51-b13) (build 1.7.0_51-b13)
# Java VM: Java HotSpot(TM) Client VM (24.51-b03 mixed mode, sharing windows-x86 )
Heap
 def new generation   total 4928K, used 618K [0x238d0000, 0x23e20000, 0x28e20000)
  eden space 4416K,   2% used [0x238d0000, 0x238ea820, 0x23d20000)
  from space 512K, 100% used [0x23d20000, 0x23da0000, 0x23da0000)
  to   space 512K,   0% used [0x23da0000, 0x23da0000, 0x23e20000)
 tenured generation   total 10944K, used 3204K [0x28e20000, 0x298d0000, 0x338d0000)
   the space 10944K,  29% used [0x28e20000, 0x29141268, 0x29141400, 0x298d0000)
 compacting perm gen  total 12288K, used 2949K [0x338d0000, 0x344d0000, 0x378d0000)
   the space 12288K,  24% used [0x338d0000, 0x33bb1498, 0x33bb1600, 0x344d0000)
    ro space 10240K,  44% used [0x378d0000, 0x37d47e30, 0x37d48000, 0x382d0000)
    rw space 12288K,  52% used [0x382d0000, 0x3891eb58, 0x3891ec00, 0x38ed0000)
GC Heap History (10 events):
Event: 8.311 GC heap before
{Heap before GC invocations=1 (full 0):
 def new generation   total 4928K, used 4928K [0x238d0000, 0x23e20000, 0x28e20000)
  eden space 4416K, 100% used [0x238d0000, 0x23d20000, 0x23d20000)
  from space 512K, 100% used [0x23da0000, 0x23e20000, 0x23e20000)
  to   space 512K,   0% used [0x23d20000, 0x23d20000, 0x23da0000)
 tenured generation   total 10944K, used 532K [0x28e20000, 0x298d0000, 0x338d0000)
   the space 10944K,   4% used [0x28e20000, 0x28ea5238, 0x28ea5400, 0x298d0000)
 compacting perm gen  total 12288K, used 2329K [0x338d0000, 0x344d0000, 0x378d0000)
   the space 12288K,  18% used [0x338d0000, 0x33b166d0, 0x33b16800, 0x344d0000)
    ro space 10240K,  44% used [0x378d0000, 0x37d47e30, 0x37d48000, 0x382d0000)
    rw space 12288K,  52% used [0x382d0000, 0x3891eb58, 0x3891ec00, 0x38ed0000)
Event: 8.329 GC heap after
Heap after GC invocations=2 (full 0):
 def new generation   total 4928K, used 512K [0x238d0000, 0x23e20000, 0x28e20000)
  eden space 4416K,   0% used [0x238d0000, 0x238d0000, 0x23d20000)
  from space 512K, 100% used [0x23d20000, 0x23da0000, 0x23da0000)
  to   space 512K,   0% used [0x23da0000, 0x23da0000, 0x23e20000)
 tenured generation   total 10944K, used 2261K [0x28e20000, 0x298d0000, 0x338d0000)
   the space 10944K,  20% used [0x28e20000, 0x290555f8, 0x29055600, 0x298d0000)
 compacting perm gen  total 12288K, used 2329K [0x338d0000, 0x344d0000, 0x378d0000)
   the space 12288K,  18% used [0x338d0000, 0x33b166d0, 0x33b16800, 0x344d0000)
    ro space 10240K,  44% used [0x378d0000, 0x37d47e30, 0x37d48000, 0x382d0000)
    rw space 12288K,  52% used [0x382d0000, 0x3891eb58, 0x3891ec00, 0x38ed0000)
}
Event: 18.887 GC heap before
{Heap before GC invocations=2 (full 0):
 def new generation   total 4928K, used 4928K [0x238d0000, 0x23e20000, 0x28e20000)
  eden space 4416K, 100% used [0x238d0000, 0x23d20000, 0x23d20000)
  from space 512K, 100% used [0x23d20000, 0x23da0000, 0x23da0000)
  to   space 512K,   0% used [0x23da0000, 0x23da0000, 0x23e20000)
 tenured generation   total 10944K, used 2261K [0x28e20000, 0x298d0000, 0x338d0000)
   the space 10944K,  20% used [0x28e20000, 0x290555f8, 0x29055600, 0x298d0000)
 compacting perm gen  total 12288K, used 2345K [0x338d0000, 0x344d0000, 0x378d0000)
   the space 12288K,  19% used [0x338d0000, 0x33b1a7d8, 0x33b1a800, 0x344d0000)
    ro space 10240K,  44% used [0x378d0000, 0x37d47e30, 0x37d48000, 0x382d0000)
    rw space 12288K,  52% used [0x382d0000, 0x3891eb58, 0x3891ec00, 0x38ed0000)
Event: 18.897 GC heap after
Heap after GC invocations=3 (full 0):
 def new generation   total 4928K, used 156K [0x238d0000, 0x23e20000, 0x28e20000)
  eden space 4416K,   0% used [0x238d0000, 0x238d0000, 0x23d20000)
  from space 512K,  30% used [0x23da0000, 0x23dc71c8, 0x23e20000)
  to   space 512K,   0% used [0x23d20000, 0x23d20000, 0x23da0000)
 tenured generation   total 10944K, used 2767K [0x28e20000, 0x298d0000, 0x338d0000)
   the space 10944K,  25% used [0x28e20000, 0x290d3ca8, 0x290d3e00, 0x298d0000)
 compacting perm gen  total 12288K, used 2345K [0x338d0000, 0x344d0000, 0x378d0000)
   the space 12288K,  19% used [0x338d0000, 0x33b1a7d8, 0x33b1a800, 0x344d0000)
    ro space 10240K,  44% used [0x378d0000, 0x37d47e30, 0x37d48000, 0x382d0000)
    rw space 12288K,  52% used [0x382d0000, 0x3891eb58, 0x3891ec00, 0x38ed0000)
}
Event: 32.804 GC heap before
{Heap before GC invocations=3 (full 0):
 def new generation   total 4928K, used 4572K [0x238d0000, 0x23e20000, 0x28e20000)
  eden space 4416K, 100% used [0x238d0000, 0x23d20000, 0x23d20000)
  from space 512K,  30% used [0x23da0000, 0x23dc71c8, 0x23e20000)
  to   space 512K,   0% used [0x23d20000, 0x23d20000, 0x23da0000)
 tenured generation   total 10944K, used 2767K [0x28e20000, 0x298d0000, 0x338d0000)
   the space 10944K,  25% used [0x28e20000, 0x290d3ca8, 0x290d3e00, 0x298d0000)
 compacting perm gen  total 12288K, used 2357K [0x338d0000, 0x344d0000, 0x378d0000)
   the space 12288K,  19% used [0x338d0000, 0x33b1d660, 0x33b1d800, 0x344d0000)
    ro space 10240K,  44% used [0x378d0000, 0x37d47e30, 0x37d48000, 0x382d0000)
    rw space 12288K,  52% used [0x382d0000, 0x3891eb58, 0x3891ec00, 0x38ed0000)
Event: 32.808 GC heap after
Heap after GC invocations=4 (full 0):
 def new generation   total 4928K, used 177K [0x238d0000, 0x23e20000, 0x28e20000)
  eden space 4416K,   0% used [0x238d0000, 0x238d0000, 0x23d20000)
  from space 512K,  34% used [0x23d20000, 0x23d4c700, 0x23da0000)
  to   space 512K,   0% used [0x23da0000, 0x23da0000, 0x23e20000)
 tenured generation   total 10944K, used 2767K [0x28e20000, 0x298d0000, 0x338d0000)
   the space 10944K,  25% used [0x28e20000, 0x290d3ca8, 0x290d3e00, 0x298d0000)
 compacting perm gen  total 12288K, used 2357K [0x338d0000, 0x344d0000, 0x378d0000)
   the space 12288K,  19% used [0x338d0000, 0x33b1d660, 0x33b1d800, 0x344d0000)
    ro space 10240K,  44% used [0x378d0000, 0x37d47e30, 0x37d48000, 0x382d0000)
    rw space 12288K,  52% used [0x382d0000, 0x3891eb58, 0x3891ec00, 0x38ed0000)
}
Event: 46.928 GC heap before
{Heap before GC invocations=4 (full 0):
 def new generation   total 4928K, used 4585K [0x238d0000, 0x23e20000, 0x28e20000)
  eden space 4416K,  99% used [0x238d0000, 0x23d1e070, 0x23d20000)
  from space 512K,  34% used [0x23d20000, 0x23d4c700, 0x23da0000)
  to   space 512K,   0% used [0x23da0000, 0x23da0000, 0x23e20000)
 tenured generation   total 10944K, used 2767K [0x28e20000, 0x298d0000, 0x338d0000)
   the space 10944K,  25% used [0x28e20000, 0x290d3ca8, 0x290d3e00, 0x298d0000)
 compacting perm gen  total 12288K, used 2942K [0x338d0000, 0x344d0000, 0x378d0000)
   the space 12288K,  23% used [0x338d0000, 0x33baf8f8, 0x33bafa00, 0x344d0000)
    ro space 10240K,  44% used [0x378d0000, 0x37d47e30, 0x37d48000, 0x382d0000)
    rw space 12288K,  52% used [0x382d0000, 0x3891eb58, 0x3891ec00, 0x38ed0000)
Event: 46.934 GC heap after
Heap after GC invocations=5 (full 0):
 def new generation   total 4928K, used 493K [0x238d0000, 0x23e20000, 0x28e20000)
  eden space 4416K,   0% used [0x238d0000, 0x238d0000, 0x23d20000)
  from space 512K,  96% used [0x23da0000, 0x23e1b6b0, 0x23e20000)
  to   space 512K,   0% used [0x23d20000, 0x23d20000, 0x23da0000)
 tenured generation   total 10944K, used 2767K [0x28e20000, 0x298d0000, 0x338d0000)
   the space 10944K,  25% used [0x28e20000, 0x290d3ca8, 0x290d3e00, 0x298d0000)
 compacting perm gen  total 12288K, used 2942K [0x338d0000, 0x344d0000, 0x378d0000)
   the space 12288K,  23% used [0x338d0000, 0x33baf8f8, 0x33bafa00, 0x344d0000)
    ro space 10240K,  44% used [0x378d0000, 0x37d47e30, 0x37d48000, 0x382d0000)
    rw space 12288K,  52% used [0x382d0000, 0x3891eb58, 0x3891ec00, 0x38ed0000)
}
Event: 68.712 GC heap before
{Heap before GC invocations=5 (full 0):
 def new generation   total 4928K, used 4909K [0x238d0000, 0x23e20000, 0x28e20000)
  eden space 4416K, 100% used [0x238d0000, 0x23d20000, 0x23d20000)
  from space 512K,  96% used [0x23da0000, 0x23e1b6b0, 0x23e20000)
  to   space 512K,   0% used [0x23d20000, 0x23d20000, 0x23da0000)
 tenured generation   total 10944K, used 2767K [0x28e20000, 0x298d0000, 0x338d0000)
   the space 10944K,  25% used [0x28e20000, 0x290d3ca8, 0x290d3e00, 0x298d0000)
 compacting perm gen  total 12288K, used 2949K [0x338d0000, 0x344d0000, 0x378d0000)
   the space 12288K,  24% used [0x338d0000, 0x33bb1488, 0x33bb1600, 0x344d0000)
    ro space 10240K,  44% used [0x378d0000, 0x37d47e30, 0x37d48000, 0x382d0000)
    rw space 12288K,  52% used [0x382d0000, 0x3891eb58, 0x3891ec00, 0x38ed0000)
Event: 68.721 GC heap after
Heap after GC invocations=6 (full 0):
 def new generation   total 4928K, used 512K [0x238d0000, 0x23e20000, 0x28e20000)
  eden space 4416K,   0% used [0x238d0000, 0x238d0000, 0x23d20000)
  from space 512K, 100% used [0x23d20000, 0x23da0000, 0x23da0000)
  to   space 512K,   0% used [0x23da0000, 0x23da0000, 0x23e20000)
 tenured generation   total 10944K, used 3204K [0x28e20000, 0x298d0000, 0x338d0000)
   the space 10944K,  29% used [0x28e20000, 0x29141268, 0x29141400, 0x298d0000)
 compacting perm gen  total 12288K, used 2949K [0x338d0000, 0x344d0000, 0x378d0000)
   the space 12288K,  24% used [0x338d0000, 0x33bb1488, 0x33bb1600, 0x344d0000)
    ro space 10240K,  44% used [0x378d0000, 0x37d47e30, 0x37d48000, 0x382d0000)
    rw space 12288K,  52% used [0x382d0000, 0x3891eb58, 0x3891ec00, 0x38ed0000)
}

